<?xml version="1.0" encoding="UTF-8"?>
<!-- Generated by org.testng.reporters.JUnitReportReporter -->
<testsuite hostname="DESKTOP-B7ML8PG" failures="0" tests="3" name="com.Ecommerce.TestScripts.InvalidLoginTest" time="3.547" errors="0" timestamp="29 Mar 2025 08:41:32 GMT" skipped="0">
  <testcase classname="com.Ecommerce.TestScripts.InvalidLoginTest" name="invalidLogin" time="1.246"/>
  <testcase classname="com.Ecommerce.TestScripts.InvalidLoginTest" name="invalidLogin" time="1.150"/>
  <testcase classname="com.Ecommerce.TestScripts.InvalidLoginTest" name="invalidLogin" time="1.151"/>
</testsuite> <!-- com.Ecommerce.TestScripts.InvalidLoginTest -->
