<?xml version="1.0" encoding="UTF-8"?>
<!-- Generated by org.testng.reporters.JUnitReportReporter -->
<testsuite hostname="DESKTOP-B7ML8PG" failures="0" tests="19" name="com.Ecommerce.TestScripts.InvalidLoginTest2" time="12.068" errors="0" timestamp="29 Mar 2025 08:58:45 GMT" skipped="0">
  <testcase classname="com.Ecommerce.TestScripts.InvalidLoginTest2" name="invalidLogin" time="0.600"/>
  <testcase classname="com.Ecommerce.TestScripts.InvalidLoginTest2" name="invalidLogin" time="0.655"/>
  <testcase classname="com.Ecommerce.TestScripts.InvalidLoginTest2" name="invalidLogin" time="0.615"/>
  <testcase classname="com.Ecommerce.TestScripts.InvalidLoginTest2" name="invalidLogin" time="0.614"/>
  <testcase classname="com.Ecommerce.TestScripts.InvalidLoginTest2" name="invalidLogin" time="0.632"/>
  <testcase classname="com.Ecommerce.TestScripts.InvalidLoginTest2" name="invalidLogin" time="0.614"/>
  <testcase classname="com.Ecommerce.TestScripts.InvalidLoginTest2" name="invalidLogin" time="0.612"/>
  <testcase classname="com.Ecommerce.TestScripts.InvalidLoginTest2" name="invalidLogin" time="0.626"/>
  <testcase classname="com.Ecommerce.TestScripts.InvalidLoginTest2" name="invalidLogin" time="0.665"/>
  <testcase classname="com.Ecommerce.TestScripts.InvalidLoginTest2" name="invalidLogin" time="0.641"/>
  <testcase classname="com.Ecommerce.TestScripts.InvalidLoginTest2" name="invalidLogin" time="0.642"/>
  <testcase classname="com.Ecommerce.TestScripts.InvalidLoginTest2" name="invalidLogin" time="0.678"/>
  <testcase classname="com.Ecommerce.TestScripts.InvalidLoginTest2" name="invalidLogin" time="0.615"/>
  <testcase classname="com.Ecommerce.TestScripts.InvalidLoginTest2" name="invalidLogin" time="0.628"/>
  <testcase classname="com.Ecommerce.TestScripts.InvalidLoginTest2" name="invalidLogin" time="0.600"/>
  <testcase classname="com.Ecommerce.TestScripts.InvalidLoginTest2" name="invalidLogin" time="0.644"/>
  <testcase classname="com.Ecommerce.TestScripts.InvalidLoginTest2" name="invalidLogin" time="0.622"/>
  <testcase classname="com.Ecommerce.TestScripts.InvalidLoginTest2" name="invalidLogin" time="0.615"/>
  <testcase classname="com.Ecommerce.TestScripts.InvalidLoginTest2" name="invalidLogin" time="0.750"/>
</testsuite> <!-- com.Ecommerce.TestScripts.InvalidLoginTest2 -->
